mar. 06, 2025 8:36:11 PM liquibase.changelog
INFO: Reading resource: db/changelog/migrations/db.changelog-202503042058.sql
mar. 06, 2025 8:36:11 PM liquibase.changelog
INFO: Reading resource: db/changelog/migrations/db.changelog-202503042240.sql
mar. 06, 2025 8:36:11 PM liquibase.changelog
INFO: Reading resource: db/changelog/migrations/db.changelog-202503042246.sql
mar. 06, 2025 8:36:11 PM liquibase.changelog
INFO: Reading resource: db/changelog/migrations/db.changelog-202503042249.sql
mar. 06, 2025 8:36:11 PM liquibase.changelog
INFO: Reading from board.databasechangelog
Database is up to date, no changesets to execute
mar. 06, 2025 8:36:11 PM liquibase.changelog
INFO: Reading from board.databasechangelog

UPDATE SUMMARY
Run:                          0
Previously run:               4
Filtered out:                 0
-------------------------------
Total change sets:            4

mar. 06, 2025 8:36:11 PM liquibase.util
INFO: UPDATE SUMMARY
mar. 06, 2025 8:36:11 PM liquibase.util
INFO: Run:                          0
mar. 06, 2025 8:36:11 PM liquibase.util
INFO: Previously run:               4
mar. 06, 2025 8:36:11 PM liquibase.util
INFO: Filtered out:                 0
mar. 06, 2025 8:36:11 PM liquibase.util
INFO: -------------------------------
mar. 06, 2025 8:36:11 PM liquibase.util
INFO: Total change sets:            4
mar. 06, 2025 8:36:11 PM liquibase.util
INFO: Update summary generated
mar. 06, 2025 8:36:11 PM liquibase.lockservice
INFO: Successfully released change log lock
mar. 06, 2025 8:36:11 PM liquibase.command
INFO: Command execution complete
